<?xml version="1.0" encoding="UTF-8"?>
<!-- Generated by org.testng.reporters.JUnitReportReporter -->
<testsuite hostname="home-hp470" name="eglu.TC_TableList" tests="2" failures="0" timestamp="4 Aug 2015 16:46:16 GMT" time="44.769" errors="0">
  <testcase name="TestCase_CL_0002" time="19.549" classname="eglu.TC_TableList"/>
  <testcase name="TestCase_CL_0001" time="25.220" classname="eglu.TC_TableList"/>
</testsuite> <!-- eglu.TC_TableList -->
