<?xml version="1.0" encoding="UTF-8"?>
<!-- Generated by org.testng.reporters.JUnitReportReporter -->
<testsuite hostname="home-hp470" name="eglu.LoginTest" tests="1" failures="0" timestamp="2 Aug 2015 08:40:42 GMT" time="3.578" errors="0">
  <testcase name="testLoginOK" time="3.578" classname="eglu.LoginTest"/>
</testsuite> <!-- eglu.LoginTest -->
