<?xml version="1.0" encoding="UTF-8"?>
<!-- Generated by org.testng.reporters.JUnitReportReporter -->
<testsuite hostname="home-hp470" name="eglu.TC_CL_0001" tests="1" failures="0" timestamp="4 Aug 2015 16:36:53 GMT" time="33.145" errors="0">
  <testcase name="TestCase_CL_0001" time="33.145" classname="eglu.TC_CL_0001"/>
</testsuite> <!-- eglu.TC_CL_0001 -->
