<?xml version="1.0" encoding="UTF-8"?>
<!-- Generated by org.testng.reporters.JUnitReportReporter -->
<testsuite hostname="home-hp470" name="eglu.TC_CL_0002" tests="1" failures="0" timestamp="4 Aug 2015 16:39:24 GMT" time="50.409" errors="0">
  <testcase name="TestCase_CL_0002" time="50.409" classname="eglu.TC_CL_0002"/>
</testsuite> <!-- eglu.TC_CL_0002 -->
